<?xml version="1.0" encoding="UTF-8"?>
<!-- Generated by org.testng.reporters.JUnitReportReporter -->
<testsuite hostname="Aravinda" failures="0" tests="1" name="tutorialsninjaRegister.TC_RF_009" time="10.617" errors="0" timestamp="2025-06-08T00:56:52 IST" skipped="0">
  <testcase classname="tutorialsninjaRegister.TC_RF_009" name="VerifyRegisteringAccountforExistingAccountdetails" time="10.617"/>
</testsuite> <!-- tutorialsninjaRegister.TC_RF_009 -->
