<?xml version="1.0" encoding="UTF-8"?>
<!-- Generated by org.testng.reporters.JUnitReportReporter -->
<testsuite hostname="Aravinda" failures="0" tests="1" name="tutorialsninjaRegister.TC_RF_006" time="8.000" errors="0" timestamp="2025-05-28T11:02:54 IST" skipped="0">
  <testcase classname="tutorialsninjaRegister.TC_RF_006" name="VerifyRegisteringAccountBySubscribingToNewslettern" time="8.000"/>
</testsuite> <!-- tutorialsninjaRegister.TC_RF_006 -->
