<?xml version="1.0" encoding="UTF-8"?>
<!-- Generated by org.testng.reporters.JUnitReportReporter -->
<testsuite hostname="Aravinda" failures="0" tests="1" name="tutorialsninjaRegister.TC_RF_003" time="9.589" errors="0" timestamp="2025-05-26T21:06:49 IST" skipped="0">
  <testcase classname="tutorialsninjaRegister.TC_RF_003" name="VerifyregisterAccountWithAllFields" time="9.589"/>
</testsuite> <!-- tutorialsninjaRegister.TC_RF_003 -->
