<?xml version="1.0" encoding="UTF-8"?>
<!-- Generated by org.testng.reporters.JUnitReportReporter -->
<testsuite hostname="Aravinda" failures="0" tests="1" name="tutorialsninjaRegister.TC_RF_010" time="12.474" errors="0" timestamp="2025-06-09T23:18:29 IST" skipped="0">
  <testcase classname="tutorialsninjaRegister.TC_RF_010" name="VerifyRegisteringAccountInvalidEmail" time="12.474"/>
</testsuite> <!-- tutorialsninjaRegister.TC_RF_010 -->
