<?xml version="1.0" encoding="UTF-8"?>
<!-- Generated by org.testng.reporters.JUnitReportReporter -->
<testsuite hostname="Aravinda" failures="0" tests="1" name="tutorialsninjaRegister.TC_RF_007" time="6.543" errors="0" timestamp="2025-05-28T11:39:34 IST" skipped="0">
  <testcase classname="tutorialsninjaRegister.TC_RF_007" name="VerifyNavigatingToRegisterAccountUsingMultipleWays" time="6.543"/>
</testsuite> <!-- tutorialsninjaRegister.TC_RF_007 -->
