<?xml version="1.0" encoding="UTF-8"?>
<!-- Generated by org.testng.reporters.JUnitReportReporter -->
<testsuite hostname="Aravinda" failures="0" tests="1" name="tutorialsninjaRegister.TC_RF_008" time="5.920" errors="0" timestamp="2025-05-28T12:12:19 IST" skipped="0">
  <testcase classname="tutorialsninjaRegister.TC_RF_008" name="VerifyRegisteringAccountenteringdifferentpasswords" time="5.920"/>
</testsuite> <!-- tutorialsninjaRegister.TC_RF_008 -->
