<?xml version="1.0" encoding="UTF-8"?>
<!-- Generated by org.testng.reporters.JUnitReportReporter -->
<testsuite hostname="Aravinda" failures="0" tests="1" name="tutorialsninjaRegister.TC_RF_004" time="8.925" errors="0" timestamp="2025-05-27T19:02:16 IST" skipped="0">
  <testcase classname="tutorialsninjaRegister.TC_RF_004" name="verifyRegistringAccountWithoutFillingfield" time="8.925"/>
</testsuite> <!-- tutorialsninjaRegister.TC_RF_004 -->
