<?xml version="1.0" encoding="UTF-8"?>
<!-- Generated by org.testng.reporters.JUnitReportReporter -->
<testsuite hostname="Aravinda" failures="0" tests="1" name="tutorialsninjaRegister.TC_RF_001" time="8.417" errors="0" timestamp="2025-05-26T08:14:17 IST" skipped="0">
  <testcase classname="tutorialsninjaRegister.TC_RF_001" name="VerifyRegisterWithMandatoryFields" time="8.417"/>
</testsuite> <!-- tutorialsninjaRegister.TC_RF_001 -->
