<?xml version="1.0" encoding="UTF-8"?>
<!-- Generated by org.testng.reporters.JUnitReportReporter -->
<testsuite hostname="Aravinda" failures="0" tests="1" name="tutorialsninjaRegister.TC_RF_005" time="10.939" errors="0" timestamp="2025-05-27T22:10:49 IST" skipped="0">
  <testcase classname="tutorialsninjaRegister.TC_RF_005" name="VerifyRegisteringAccountBySubscribingToNewsletter" time="10.939"/>
</testsuite> <!-- tutorialsninjaRegister.TC_RF_005 -->
